# JRE version: Java(TM) SE Runtime Environment (22.0.1+8) (build 22.0.1+8-16)
# Java VM: Java HotSpot(TM) 64-Bit Server VM (22.0.1+8-16, mixed mode, sharing, tiered, compressed oops, compressed class ptrs, g1 gc, windows-amd64)
GC Precious Log:
 CardTable entry size: 512
 Card Set container configuration: InlinePtr #cards 5 size 8 Array Of Cards #cards 12 size 40 Howl #buckets 4 coarsen threshold 1843 Howl Bitmap #cards 512 size 80 coarsen threshold 460 Card regions per heap region 1 cards per card region 2048
 CPUs: 4 total, 4 available
 Memory: 3948M
 Large Page Support: Disabled
 NUMA Support: Disabled
 Compressed Oops: Enabled (32-bit)
 Heap Region Size: 1M
 Heap Min Capacity: 8M
 Heap Initial Capacity: 62M
 Heap Max Capacity: 988M
 Pre-touch: Disabled
 Parallel Workers: 4
 Concurrent Workers: 1
 Concurrent Refinement Workers: 4
 Periodic GC: Disabled
Heap:
 garbage-first heap   total reserved 1011712K, committed 43008K, used 26360K [0x00000000c2400000, 0x0000000100000000)
  region size 1024K, 5 young (5120K), 1 survivors (1024K)
 Metaspace       used 30918K, committed 31488K, reserved 1114112K
  class space    used 3798K, committed 4096K, reserved 1048576K
GC Heap History (20 events):
Event: 19.076 GC heap before
{Heap before GC invocations=13 (full 0):
 garbage-first heap   total reserved 1011712K, committed 34816K, used 27664K [0x00000000c2400000, 0x0000000100000000)
  region size 1024K, 17 young (17408K), 3 survivors (3072K)
 Metaspace       used 26876K, committed 27328K, reserved 1114112K
  class space    used 3264K, committed 3456K, reserved 1048576K
}
Event: 19.082 GC heap after
{Heap after GC invocations=14 (full 0):
 garbage-first heap   total reserved 1011712K, committed 34816K, used 15261K [0x00000000c2400000, 0x0000000100000000)
  region size 1024K, 3 young (3072K), 3 survivors (3072K)
 Metaspace       used 26876K, committed 27328K, reserved 1114112K
  class space    used 3264K, committed 3456K, reserved 1048576K
}
Event: 19.652 GC heap before
{Heap before GC invocations=14 (full 0):
 garbage-first heap   total reserved 1011712K, committed 34816K, used 28573K [0x00000000c2400000, 0x0000000100000000)
  region size 1024K, 16 young (16384K), 3 survivors (3072K)
 Metaspace       used 27554K, committed 27968K, reserved 1114112K
  class space    used 3351K, committed 3520K, reserved 1048576K
}
Event: 19.657 GC heap after
{Heap after GC invocations=15 (full 0):
 garbage-first heap   total reserved 1011712K, committed 34816K, used 16349K [0x00000000c2400000, 0x0000000100000000)
  region size 1024K, 2 young (2048K), 2 survivors (2048K)
 Metaspace       used 27554K, committed 27968K, reserved 1114112K
  class space    used 3351K, committed 3520K, reserved 1048576K
}
Event: 20.231 GC heap before
{Heap before GC invocations=15 (full 0):
 garbage-first heap   total reserved 1011712K, committed 34816K, used 28637K [0x00000000c2400000, 0x0000000100000000)
  region size 1024K, 14 young (14336K), 2 survivors (2048K)
 Metaspace       used 28873K, committed 29376K, reserved 1114112K
  class space    used 3553K, committed 3840K, reserved 1048576K
}
Event: 20.234 GC heap after
{Heap after GC invocations=16 (full 0):
 garbage-first heap   total reserved 1011712K, committed 34816K, used 16741K [0x00000000c2400000, 0x0000000100000000)
  region size 1024K, 2 young (2048K), 2 survivors (2048K)
 Metaspace       used 28873K, committed 29376K, reserved 1114112K
  class space    used 3553K, committed 3840K, reserved 1048576K
}
Event: 20.691 GC heap before
{Heap before GC invocations=16 (full 0):
 garbage-first heap   total reserved 1011712K, committed 34816K, used 29029K [0x00000000c2400000, 0x0000000100000000)
  region size 1024K, 14 young (14336K), 2 survivors (2048K)
 Metaspace       used 30338K, committed 30912K, reserved 1114112K
  class space    used 3808K, committed 4096K, reserved 1048576K
}
Event: 20.697 GC heap after
{Heap after GC invocations=17 (full 0):
 garbage-first heap   total reserved 1011712K, committed 34816K, used 19408K [0x00000000c2400000, 0x0000000100000000)
  region size 1024K, 2 young (2048K), 2 survivors (2048K)
 Metaspace       used 30338K, committed 30912K, reserved 1114112K
  class space    used 3808K, committed 4096K, reserved 1048576K
}
Event: 20.957 GC heap before
{Heap before GC invocations=17 (full 0):
 garbage-first heap   total reserved 1011712K, committed 34816K, used 29648K [0x00000000c2400000, 0x0000000100000000)
  region size 1024K, 12 young (12288K), 2 survivors (2048K)
 Metaspace       used 30442K, committed 31040K, reserved 1114112K
  class space    used 3821K, committed 4096K, reserved 1048576K
}
Event: 20.969 GC heap after
{Heap after GC invocations=18 (full 0):
 garbage-first heap   total reserved 1011712K, committed 36864K, used 24296K [0x00000000c2400000, 0x0000000100000000)
  region size 1024K, 2 young (2048K), 2 survivors (2048K)
 Metaspace       used 30442K, committed 31040K, reserved 1114112K
  class space    used 3821K, committed 4096K, reserved 1048576K
}
Event: 10615.026 GC heap before
{Heap before GC invocations=19 (full 0):
 garbage-first heap   total reserved 1011712K, committed 40960K, used 31464K [0x00000000c2400000, 0x0000000100000000)
  region size 1024K, 9 young (9216K), 2 survivors (2048K)
 Metaspace       used 30653K, committed 31168K, reserved 1114112K
  class space    used 3841K, committed 4096K, reserved 1048576K
}
Event: 10615.067 GC heap after
{Heap after GC invocations=20 (full 0):
 garbage-first heap   total reserved 1011712K, committed 40960K, used 24969K [0x00000000c2400000, 0x0000000100000000)
  region size 1024K, 1 young (1024K), 1 survivors (1024K)
 Metaspace       used 30653K, committed 31168K, reserved 1114112K
  class space    used 3841K, committed 4096K, reserved 1048576K
}
Event: 10834.276 GC heap before
{Heap before GC invocations=20 (full 0):
 garbage-first heap   total reserved 1011712K, committed 40960K, used 33161K [0x00000000c2400000, 0x0000000100000000)
  region size 1024K, 10 young (10240K), 1 survivors (1024K)
 Metaspace       used 30756K, committed 31296K, reserved 1114112K
  class space    used 3841K, committed 4096K, reserved 1048576K
}
Event: 10834.378 GC heap after
{Heap after GC invocations=21 (full 0):
 garbage-first heap   total reserved 1011712K, committed 40960K, used 24726K [0x00000000c2400000, 0x0000000100000000)
  region size 1024K, 1 young (1024K), 1 survivors (1024K)
 Metaspace       used 30756K, committed 31296K, reserved 1114112K
  class space    used 3841K, committed 4096K, reserved 1048576K
}
Event: 11224.055 GC heap before
{Heap before GC invocations=21 (full 0):
 garbage-first heap   total reserved 1011712K, committed 40960K, used 33942K [0x00000000c2400000, 0x0000000100000000)
  region size 1024K, 11 young (11264K), 1 survivors (1024K)
 Metaspace       used 30880K, committed 31424K, reserved 1114112K
  class space    used 3845K, committed 4096K, reserved 1048576K
}
Event: 11224.106 GC heap after
{Heap after GC invocations=22 (full 0):
 garbage-first heap   total reserved 1011712K, committed 40960K, used 24770K [0x00000000c2400000, 0x0000000100000000)
  region size 1024K, 1 young (1024K), 1 survivors (1024K)
 Metaspace       used 30880K, committed 31424K, reserved 1114112K
  class space    used 3845K, committed 4096K, reserved 1048576K
}
Event: 11395.905 GC heap before
{Heap before GC invocations=23 (full 0):
 garbage-first heap   total reserved 1011712K, committed 43008K, used 35010K [0x00000000c2400000, 0x0000000100000000)
  region size 1024K, 11 young (11264K), 1 survivors (1024K)
 Metaspace       used 30776K, committed 31488K, reserved 1114112K
  class space    used 3794K, committed 4096K, reserved 1048576K
}
Event: 11396.088 GC heap after
{Heap after GC invocations=24 (full 0):
 garbage-first heap   total reserved 1011712K, committed 43008K, used 24707K [0x00000000c2400000, 0x0000000100000000)
  region size 1024K, 1 young (1024K), 1 survivors (1024K)
 Metaspace       used 30776K, committed 31488K, reserved 1114112K
  class space    used 3794K, committed 4096K, reserved 1048576K
}
Event: 12789.749 GC heap before
{Heap before GC invocations=24 (full 0):
 garbage-first heap   total reserved 1011712K, committed 43008K, used 36995K [0x00000000c2400000, 0x0000000100000000)
  region size 1024K, 13 young (13312K), 1 survivors (1024K)
 Metaspace       used 30879K, committed 31488K, reserved 1114112K
  class space    used 3798K, committed 4096K, reserved 1048576K
}
Event: 12790.273 GC heap after
{Heap after GC invocations=25 (full 0):
 garbage-first heap   total reserved 1011712K, committed 43008K, used 23288K [0x00000000c2400000, 0x0000000100000000)
  region size 1024K, 1 young (1024K), 1 survivors (1024K)
 Metaspace       used 30879K, committed 31488K, reserved 1114112K
  class space    used 3798K, committed 4096K, reserved 1048576K
}

